2017-04-11 14:55:10,123 [Worker-4] INFO  o.e.m.c.i.p.ProjectConfigurationManager - Collecting project info '/pom.xml' E:\study\Java\Datastructure\agx-Datastructure\pom.xml
2017-04-11 14:55:10,864 [Worker-4] INFO  o.e.m.c.i.l.LifecycleMappingFactory - Using org.eclipse.m2e.jdt.JarLifecycleMapping lifecycle mapping for MavenProject: AGX:agx-Datastructure:0.0.1-SNAPSHOT @ E:\study\Java\Datastructure\agx-Datastructure\pom.xml.
2017-04-11 14:55:11,258 [Worker-4] INFO  o.e.m.j.i.AbstractJavaProjectConfigurator - Adding source folder /agx-Datastructure/src/main/java
2017-04-11 14:55:11,261 [Worker-4] INFO  o.e.m.j.i.AbstractJavaProjectConfigurator - Adding source folder /agx-Datastructure/src/test/java
2017-04-11 14:55:11,926 [Worker-4] INFO  o.e.m.c.i.p.ProjectConfigurationManager - Imported and configured 1 project(s) in 1 sec
2017-04-11 14:55:12,720 [Worker-8] INFO  o.e.m.c.i.embedder.EclipseLogger - Using 'UTF-8' encoding to copy filtered resources.
2017-04-11 14:55:12,720 [Worker-8] INFO  o.e.m.c.i.embedder.EclipseLogger - skip non existing resourceDirectory E:\study\Java\Datastructure\agx-Datastructure\src\main\resources
2017-04-11 14:55:12,720 [Worker-8] INFO  o.e.m.c.i.embedder.EclipseLogger - Using 'UTF-8' encoding to copy filtered resources.
2017-04-11 14:55:12,720 [Worker-8] INFO  o.e.m.c.i.embedder.EclipseLogger - skip non existing resourceDirectory E:\study\Java\Datastructure\agx-Datastructure\src\test\resources
2017-04-11 14:57:33,001 [Worker-8] INFO  o.e.m.c.i.embedder.EclipseLogger - Using 'UTF-8' encoding to copy filtered resources.
2017-04-11 14:57:33,009 [Worker-8] INFO  o.e.m.c.i.embedder.EclipseLogger - skip non existing resourceDirectory E:\study\Java\Datastructure\agx-Datastructure\src\main\resources
2017-04-11 14:57:33,009 [Worker-8] INFO  o.e.m.c.i.embedder.EclipseLogger - Using 'UTF-8' encoding to copy filtered resources.
2017-04-11 14:57:33,009 [Worker-8] INFO  o.e.m.c.i.embedder.EclipseLogger - skip non existing resourceDirectory E:\study\Java\Datastructure\agx-Datastructure\src\test\resources
2017-04-11 14:57:45,934 [Worker-1] INFO  o.e.m.c.i.embedder.EclipseLogger - Using 'UTF-8' encoding to copy filtered resources.
2017-04-11 14:57:45,934 [Worker-1] INFO  o.e.m.c.i.embedder.EclipseLogger - skip non existing resourceDirectory E:\study\Java\Datastructure\agx-Datastructure\src\main\resources
2017-04-11 14:57:45,934 [Worker-1] INFO  o.e.m.c.i.embedder.EclipseLogger - Using 'UTF-8' encoding to copy filtered resources.
2017-04-11 14:57:45,934 [Worker-1] INFO  o.e.m.c.i.embedder.EclipseLogger - skip non existing resourceDirectory E:\study\Java\Datastructure\agx-Datastructure\src\test\resources
2017-04-11 15:03:15,235 [Worker-8] INFO  o.e.m.c.i.embedder.EclipseLogger - Using 'UTF-8' encoding to copy filtered resources.
2017-04-11 15:03:15,235 [Worker-8] INFO  o.e.m.c.i.embedder.EclipseLogger - skip non existing resourceDirectory E:\study\Java\Datastructure\agx-Datastructure\src\main\resources
2017-04-11 15:03:15,243 [Worker-8] INFO  o.e.m.c.i.embedder.EclipseLogger - Using 'UTF-8' encoding to copy filtered resources.
2017-04-11 15:03:15,243 [Worker-8] INFO  o.e.m.c.i.embedder.EclipseLogger - skip non existing resourceDirectory E:\study\Java\Datastructure\agx-Datastructure\src\test\resources
2017-04-11 15:03:33,716 [Worker-5] INFO  o.e.m.c.i.embedder.EclipseLogger - Using 'UTF-8' encoding to copy filtered resources.
2017-04-11 15:03:33,716 [Worker-5] INFO  o.e.m.c.i.embedder.EclipseLogger - skip non existing resourceDirectory E:\study\Java\Datastructure\agx-Datastructure\src\main\resources
2017-04-11 15:03:33,716 [Worker-5] INFO  o.e.m.c.i.embedder.EclipseLogger - Using 'UTF-8' encoding to copy filtered resources.
2017-04-11 15:03:33,716 [Worker-5] INFO  o.e.m.c.i.embedder.EclipseLogger - skip non existing resourceDirectory E:\study\Java\Datastructure\agx-Datastructure\src\test\resources
2017-04-11 15:03:41,467 [Worker-18] INFO  o.e.m.c.i.embedder.EclipseLogger - Using 'UTF-8' encoding to copy filtered resources.
2017-04-11 15:03:41,467 [Worker-18] INFO  o.e.m.c.i.embedder.EclipseLogger - skip non existing resourceDirectory E:\study\Java\Datastructure\agx-Datastructure\src\main\resources
2017-04-11 15:03:41,475 [Worker-18] INFO  o.e.m.c.i.embedder.EclipseLogger - Using 'UTF-8' encoding to copy filtered resources.
2017-04-11 15:03:41,475 [Worker-18] INFO  o.e.m.c.i.embedder.EclipseLogger - skip non existing resourceDirectory E:\study\Java\Datastructure\agx-Datastructure\src\test\resources
2017-04-11 15:10:12,988 [Worker-8] INFO  o.e.m.c.i.embedder.EclipseLogger - Using 'UTF-8' encoding to copy filtered resources.
2017-04-11 15:10:12,988 [Worker-8] INFO  o.e.m.c.i.embedder.EclipseLogger - skip non existing resourceDirectory E:\study\Java\Datastructure\agx-Datastructure\src\main\resources
2017-04-11 15:10:12,988 [Worker-8] INFO  o.e.m.c.i.embedder.EclipseLogger - Using 'UTF-8' encoding to copy filtered resources.
2017-04-11 15:10:12,988 [Worker-8] INFO  o.e.m.c.i.embedder.EclipseLogger - skip non existing resourceDirectory E:\study\Java\Datastructure\agx-Datastructure\src\test\resources
2017-04-11 15:10:53,841 [Worker-4] INFO  o.e.m.c.i.embedder.EclipseLogger - Using 'UTF-8' encoding to copy filtered resources.
2017-04-11 15:10:53,841 [Worker-4] INFO  o.e.m.c.i.embedder.EclipseLogger - skip non existing resourceDirectory E:\study\Java\Datastructure\agx-Datastructure\src\main\resources
2017-04-11 15:10:53,841 [Worker-4] INFO  o.e.m.c.i.embedder.EclipseLogger - Using 'UTF-8' encoding to copy filtered resources.
2017-04-11 15:10:53,841 [Worker-4] INFO  o.e.m.c.i.embedder.EclipseLogger - skip non existing resourceDirectory E:\study\Java\Datastructure\agx-Datastructure\src\test\resources
2017-04-11 15:12:08,390 [Worker-26] INFO  o.e.m.c.i.embedder.EclipseLogger - Using 'UTF-8' encoding to copy filtered resources.
2017-04-11 15:12:08,390 [Worker-26] INFO  o.e.m.c.i.embedder.EclipseLogger - skip non existing resourceDirectory E:\study\Java\Datastructure\agx-Datastructure\src\main\resources
2017-04-11 15:12:08,398 [Worker-26] INFO  o.e.m.c.i.embedder.EclipseLogger - Using 'UTF-8' encoding to copy filtered resources.
2017-04-11 15:12:08,398 [Worker-26] INFO  o.e.m.c.i.embedder.EclipseLogger - skip non existing resourceDirectory E:\study\Java\Datastructure\agx-Datastructure\src\test\resources
2017-04-11 15:12:26,377 [Worker-26] INFO  o.e.m.c.i.embedder.EclipseLogger - Using 'UTF-8' encoding to copy filtered resources.
2017-04-11 15:12:26,377 [Worker-26] INFO  o.e.m.c.i.embedder.EclipseLogger - skip non existing resourceDirectory E:\study\Java\Datastructure\agx-Datastructure\src\main\resources
2017-04-11 15:12:26,378 [Worker-26] INFO  o.e.m.c.i.embedder.EclipseLogger - Using 'UTF-8' encoding to copy filtered resources.
2017-04-11 15:12:26,378 [Worker-26] INFO  o.e.m.c.i.embedder.EclipseLogger - skip non existing resourceDirectory E:\study\Java\Datastructure\agx-Datastructure\src\test\resources
2017-04-11 15:12:52,934 [Worker-4] INFO  o.e.m.c.i.embedder.EclipseLogger - Using 'UTF-8' encoding to copy filtered resources.
2017-04-11 15:12:52,942 [Worker-4] INFO  o.e.m.c.i.embedder.EclipseLogger - skip non existing resourceDirectory E:\study\Java\Datastructure\agx-Datastructure\src\main\resources
2017-04-11 15:12:52,942 [Worker-4] INFO  o.e.m.c.i.embedder.EclipseLogger - Using 'UTF-8' encoding to copy filtered resources.
2017-04-11 15:12:52,942 [Worker-4] INFO  o.e.m.c.i.embedder.EclipseLogger - skip non existing resourceDirectory E:\study\Java\Datastructure\agx-Datastructure\src\test\resources
2017-04-11 15:13:05,192 [Worker-8] INFO  o.e.m.c.i.embedder.EclipseLogger - Using 'UTF-8' encoding to copy filtered resources.
2017-04-11 15:13:05,192 [Worker-8] INFO  o.e.m.c.i.embedder.EclipseLogger - skip non existing resourceDirectory E:\study\Java\Datastructure\agx-Datastructure\src\main\resources
2017-04-11 15:13:05,192 [Worker-8] INFO  o.e.m.c.i.embedder.EclipseLogger - Using 'UTF-8' encoding to copy filtered resources.
2017-04-11 15:13:05,192 [Worker-8] INFO  o.e.m.c.i.embedder.EclipseLogger - skip non existing resourceDirectory E:\study\Java\Datastructure\agx-Datastructure\src\test\resources
2017-04-11 15:13:30,822 [Worker-25] INFO  o.e.m.c.i.embedder.EclipseLogger - Using 'UTF-8' encoding to copy filtered resources.
2017-04-11 15:13:30,822 [Worker-25] INFO  o.e.m.c.i.embedder.EclipseLogger - skip non existing resourceDirectory E:\study\Java\Datastructure\agx-Datastructure\src\main\resources
2017-04-11 15:13:30,822 [Worker-25] INFO  o.e.m.c.i.embedder.EclipseLogger - Using 'UTF-8' encoding to copy filtered resources.
2017-04-11 15:13:30,822 [Worker-25] INFO  o.e.m.c.i.embedder.EclipseLogger - skip non existing resourceDirectory E:\study\Java\Datastructure\agx-Datastructure\src\test\resources
2017-04-11 15:42:30,948 [Worker-25] INFO  o.e.m.c.i.embedder.EclipseLogger - Using 'UTF-8' encoding to copy filtered resources.
2017-04-11 15:42:30,948 [Worker-25] INFO  o.e.m.c.i.embedder.EclipseLogger - skip non existing resourceDirectory E:\study\Java\Datastructure\agx-Datastructure\src\main\resources
2017-04-11 15:42:30,948 [Worker-25] INFO  o.e.m.c.i.embedder.EclipseLogger - Using 'UTF-8' encoding to copy filtered resources.
2017-04-11 15:42:30,948 [Worker-25] INFO  o.e.m.c.i.embedder.EclipseLogger - skip non existing resourceDirectory E:\study\Java\Datastructure\agx-Datastructure\src\test\resources
2017-04-11 16:20:33,689 [Worker-28] INFO  o.e.m.c.i.embedder.EclipseLogger - Using 'UTF-8' encoding to copy filtered resources.
2017-04-11 16:20:33,689 [Worker-28] INFO  o.e.m.c.i.embedder.EclipseLogger - skip non existing resourceDirectory E:\study\Java\Datastructure\agx-Datastructure\src\main\resources
2017-04-11 16:20:33,689 [Worker-28] INFO  o.e.m.c.i.embedder.EclipseLogger - Using 'UTF-8' encoding to copy filtered resources.
2017-04-11 16:20:33,689 [Worker-28] INFO  o.e.m.c.i.embedder.EclipseLogger - skip non existing resourceDirectory E:\study\Java\Datastructure\agx-Datastructure\src\test\resources
2017-04-11 16:21:13,662 [Worker-25] INFO  o.e.m.c.i.embedder.EclipseLogger - Using 'UTF-8' encoding to copy filtered resources.
2017-04-11 16:21:13,662 [Worker-25] INFO  o.e.m.c.i.embedder.EclipseLogger - skip non existing resourceDirectory E:\study\Java\Datastructure\agx-Datastructure\src\main\resources
2017-04-11 16:21:13,662 [Worker-25] INFO  o.e.m.c.i.embedder.EclipseLogger - Using 'UTF-8' encoding to copy filtered resources.
2017-04-11 16:21:13,662 [Worker-25] INFO  o.e.m.c.i.embedder.EclipseLogger - skip non existing resourceDirectory E:\study\Java\Datastructure\agx-Datastructure\src\test\resources
2017-04-11 16:21:24,167 [Worker-37] INFO  o.e.m.c.i.embedder.EclipseLogger - Using 'UTF-8' encoding to copy filtered resources.
2017-04-11 16:21:24,168 [Worker-37] INFO  o.e.m.c.i.embedder.EclipseLogger - skip non existing resourceDirectory E:\study\Java\Datastructure\agx-Datastructure\src\main\resources
2017-04-11 16:21:24,168 [Worker-37] INFO  o.e.m.c.i.embedder.EclipseLogger - Using 'UTF-8' encoding to copy filtered resources.
2017-04-11 16:21:24,168 [Worker-37] INFO  o.e.m.c.i.embedder.EclipseLogger - skip non existing resourceDirectory E:\study\Java\Datastructure\agx-Datastructure\src\test\resources
2017-04-11 16:21:32,257 [Worker-25] INFO  o.e.m.c.i.embedder.EclipseLogger - Using 'UTF-8' encoding to copy filtered resources.
2017-04-11 16:21:32,257 [Worker-25] INFO  o.e.m.c.i.embedder.EclipseLogger - skip non existing resourceDirectory E:\study\Java\Datastructure\agx-Datastructure\src\main\resources
2017-04-11 16:21:32,257 [Worker-25] INFO  o.e.m.c.i.embedder.EclipseLogger - Using 'UTF-8' encoding to copy filtered resources.
2017-04-11 16:21:32,257 [Worker-25] INFO  o.e.m.c.i.embedder.EclipseLogger - skip non existing resourceDirectory E:\study\Java\Datastructure\agx-Datastructure\src\test\resources
2017-04-11 16:25:43,200 [Worker-37] INFO  o.e.m.c.i.embedder.EclipseLogger - Using 'UTF-8' encoding to copy filtered resources.
2017-04-11 16:25:43,200 [Worker-37] INFO  o.e.m.c.i.embedder.EclipseLogger - skip non existing resourceDirectory E:\study\Java\Datastructure\agx-Datastructure\src\main\resources
2017-04-11 16:25:43,200 [Worker-37] INFO  o.e.m.c.i.embedder.EclipseLogger - Using 'UTF-8' encoding to copy filtered resources.
2017-04-11 16:25:43,200 [Worker-37] INFO  o.e.m.c.i.embedder.EclipseLogger - skip non existing resourceDirectory E:\study\Java\Datastructure\agx-Datastructure\src\test\resources
2017-04-11 16:25:47,839 [Worker-42] INFO  o.e.m.c.i.embedder.EclipseLogger - Using 'UTF-8' encoding to copy filtered resources.
2017-04-11 16:25:47,839 [Worker-42] INFO  o.e.m.c.i.embedder.EclipseLogger - skip non existing resourceDirectory E:\study\Java\Datastructure\agx-Datastructure\src\main\resources
2017-04-11 16:25:47,839 [Worker-42] INFO  o.e.m.c.i.embedder.EclipseLogger - Using 'UTF-8' encoding to copy filtered resources.
2017-04-11 16:25:47,839 [Worker-42] INFO  o.e.m.c.i.embedder.EclipseLogger - skip non existing resourceDirectory E:\study\Java\Datastructure\agx-Datastructure\src\test\resources
2017-04-11 16:28:30,871 [Worker-49] INFO  o.e.m.c.i.embedder.EclipseLogger - Using 'UTF-8' encoding to copy filtered resources.
2017-04-11 16:28:30,880 [Worker-49] INFO  o.e.m.c.i.embedder.EclipseLogger - skip non existing resourceDirectory E:\study\Java\Datastructure\agx-Datastructure\src\main\resources
2017-04-11 16:28:30,880 [Worker-49] INFO  o.e.m.c.i.embedder.EclipseLogger - Using 'UTF-8' encoding to copy filtered resources.
2017-04-11 16:28:30,880 [Worker-49] INFO  o.e.m.c.i.embedder.EclipseLogger - skip non existing resourceDirectory E:\study\Java\Datastructure\agx-Datastructure\src\test\resources
2017-04-11 16:28:43,324 [Worker-44] INFO  o.e.m.c.i.embedder.EclipseLogger - Using 'UTF-8' encoding to copy filtered resources.
2017-04-11 16:28:43,324 [Worker-44] INFO  o.e.m.c.i.embedder.EclipseLogger - skip non existing resourceDirectory E:\study\Java\Datastructure\agx-Datastructure\src\main\resources
2017-04-11 16:28:43,324 [Worker-44] INFO  o.e.m.c.i.embedder.EclipseLogger - Using 'UTF-8' encoding to copy filtered resources.
2017-04-11 16:28:43,324 [Worker-44] INFO  o.e.m.c.i.embedder.EclipseLogger - skip non existing resourceDirectory E:\study\Java\Datastructure\agx-Datastructure\src\test\resources
2017-04-11 16:28:46,298 [Worker-25] INFO  o.e.m.c.i.embedder.EclipseLogger - Using 'UTF-8' encoding to copy filtered resources.
2017-04-11 16:28:46,298 [Worker-25] INFO  o.e.m.c.i.embedder.EclipseLogger - skip non existing resourceDirectory E:\study\Java\Datastructure\agx-Datastructure\src\main\resources
2017-04-11 16:28:46,298 [Worker-25] INFO  o.e.m.c.i.embedder.EclipseLogger - Using 'UTF-8' encoding to copy filtered resources.
2017-04-11 16:28:46,298 [Worker-25] INFO  o.e.m.c.i.embedder.EclipseLogger - skip non existing resourceDirectory E:\study\Java\Datastructure\agx-Datastructure\src\test\resources
2017-04-11 16:40:34,629 [Worker-49] INFO  o.e.m.c.i.embedder.EclipseLogger - Using 'UTF-8' encoding to copy filtered resources.
2017-04-11 16:40:34,629 [Worker-49] INFO  o.e.m.c.i.embedder.EclipseLogger - skip non existing resourceDirectory E:\study\Java\Datastructure\agx-Datastructure\src\main\resources
2017-04-11 16:40:34,637 [Worker-49] INFO  o.e.m.c.i.embedder.EclipseLogger - Using 'UTF-8' encoding to copy filtered resources.
2017-04-11 16:40:34,637 [Worker-49] INFO  o.e.m.c.i.embedder.EclipseLogger - skip non existing resourceDirectory E:\study\Java\Datastructure\agx-Datastructure\src\test\resources
2017-04-11 16:48:54,147 [Worker-44] INFO  o.e.m.c.i.embedder.EclipseLogger - Using 'UTF-8' encoding to copy filtered resources.
2017-04-11 16:48:54,147 [Worker-44] INFO  o.e.m.c.i.embedder.EclipseLogger - skip non existing resourceDirectory E:\study\Java\Datastructure\agx-Datastructure\src\main\resources
2017-04-11 16:48:54,147 [Worker-44] INFO  o.e.m.c.i.embedder.EclipseLogger - Using 'UTF-8' encoding to copy filtered resources.
2017-04-11 16:48:54,147 [Worker-44] INFO  o.e.m.c.i.embedder.EclipseLogger - skip non existing resourceDirectory E:\study\Java\Datastructure\agx-Datastructure\src\test\resources
2017-04-11 16:51:23,772 [Worker-44] INFO  o.e.m.c.i.embedder.EclipseLogger - Using 'UTF-8' encoding to copy filtered resources.
2017-04-11 16:51:23,772 [Worker-44] INFO  o.e.m.c.i.embedder.EclipseLogger - skip non existing resourceDirectory E:\study\Java\Datastructure\agx-Datastructure\src\main\resources
2017-04-11 16:51:23,772 [Worker-44] INFO  o.e.m.c.i.embedder.EclipseLogger - Using 'UTF-8' encoding to copy filtered resources.
2017-04-11 16:51:23,772 [Worker-44] INFO  o.e.m.c.i.embedder.EclipseLogger - skip non existing resourceDirectory E:\study\Java\Datastructure\agx-Datastructure\src\test\resources
2017-04-11 16:52:17,361 [Worker-50] INFO  o.e.m.c.i.embedder.EclipseLogger - Using 'UTF-8' encoding to copy filtered resources.
2017-04-11 16:52:17,361 [Worker-50] INFO  o.e.m.c.i.embedder.EclipseLogger - skip non existing resourceDirectory E:\study\Java\Datastructure\agx-Datastructure\src\main\resources
2017-04-11 16:52:17,361 [Worker-50] INFO  o.e.m.c.i.embedder.EclipseLogger - Using 'UTF-8' encoding to copy filtered resources.
2017-04-11 16:52:17,361 [Worker-50] INFO  o.e.m.c.i.embedder.EclipseLogger - skip non existing resourceDirectory E:\study\Java\Datastructure\agx-Datastructure\src\test\resources
2017-04-11 16:56:54,528 [Worker-50] INFO  o.e.m.c.i.embedder.EclipseLogger - Using 'UTF-8' encoding to copy filtered resources.
2017-04-11 16:56:54,528 [Worker-50] INFO  o.e.m.c.i.embedder.EclipseLogger - skip non existing resourceDirectory E:\study\Java\Datastructure\agx-Datastructure\src\main\resources
2017-04-11 16:56:54,528 [Worker-50] INFO  o.e.m.c.i.embedder.EclipseLogger - Using 'UTF-8' encoding to copy filtered resources.
2017-04-11 16:56:54,528 [Worker-50] INFO  o.e.m.c.i.embedder.EclipseLogger - skip non existing resourceDirectory E:\study\Java\Datastructure\agx-Datastructure\src\test\resources
2017-04-11 16:57:07,214 [Worker-51] INFO  o.e.m.c.i.embedder.EclipseLogger - Using 'UTF-8' encoding to copy filtered resources.
2017-04-11 16:57:07,214 [Worker-51] INFO  o.e.m.c.i.embedder.EclipseLogger - skip non existing resourceDirectory E:\study\Java\Datastructure\agx-Datastructure\src\main\resources
2017-04-11 16:57:07,214 [Worker-51] INFO  o.e.m.c.i.embedder.EclipseLogger - Using 'UTF-8' encoding to copy filtered resources.
2017-04-11 16:57:07,214 [Worker-51] INFO  o.e.m.c.i.embedder.EclipseLogger - skip non existing resourceDirectory E:\study\Java\Datastructure\agx-Datastructure\src\test\resources
2017-04-11 16:57:31,254 [Worker-44] INFO  o.e.m.c.i.embedder.EclipseLogger - Using 'UTF-8' encoding to copy filtered resources.
2017-04-11 16:57:31,254 [Worker-44] INFO  o.e.m.c.i.embedder.EclipseLogger - skip non existing resourceDirectory E:\study\Java\Datastructure\agx-Datastructure\src\main\resources
2017-04-11 16:57:31,254 [Worker-44] INFO  o.e.m.c.i.embedder.EclipseLogger - Using 'UTF-8' encoding to copy filtered resources.
2017-04-11 16:57:31,254 [Worker-44] INFO  o.e.m.c.i.embedder.EclipseLogger - skip non existing resourceDirectory E:\study\Java\Datastructure\agx-Datastructure\src\test\resources
2017-04-11 18:11:58,232 [Worker-6] INFO  o.e.m.c.i.l.LifecycleMappingFactory - Using org.eclipse.m2e.jdt.JarLifecycleMapping lifecycle mapping for MavenProject: AGX:agx-Datastructure:0.0.1-SNAPSHOT @ E:\study\Java\Datastructure\agx-Datastructure\pom.xml.
2017-04-11 18:11:59,175 [Worker-6] INFO  o.e.m.c.i.embedder.EclipseLogger - Using 'UTF-8' encoding to copy filtered resources.
2017-04-11 18:11:59,175 [Worker-6] INFO  o.e.m.c.i.embedder.EclipseLogger - skip non existing resourceDirectory E:\study\Java\Datastructure\agx-Datastructure\src\main\resources
2017-04-11 18:11:59,175 [Worker-6] INFO  o.e.m.c.i.embedder.EclipseLogger - Using 'UTF-8' encoding to copy filtered resources.
2017-04-11 18:11:59,175 [Worker-6] INFO  o.e.m.c.i.embedder.EclipseLogger - skip non existing resourceDirectory E:\study\Java\Datastructure\agx-Datastructure\src\test\resources
2017-04-11 18:11:59,706 [Worker-18] INFO  o.e.m.c.i.l.LifecycleMappingFactory - Using org.eclipse.m2e.jdt.JarLifecycleMapping lifecycle mapping for MavenProject: AGX:agx-Datastructure:0.0.1-SNAPSHOT @ E:\study\Java\Datastructure\agx-Datastructure\pom.xml.
2017-04-11 18:12:00,397 [Worker-18] INFO  o.e.m.c.i.embedder.EclipseLogger - Using 'UTF-8' encoding to copy filtered resources.
2017-04-11 18:12:00,397 [Worker-18] INFO  o.e.m.c.i.embedder.EclipseLogger - skip non existing resourceDirectory E:\study\Java\Datastructure\agx-Datastructure\src\main\resources
2017-04-11 18:12:00,397 [Worker-18] INFO  o.e.m.c.i.embedder.EclipseLogger - Using 'UTF-8' encoding to copy filtered resources.
2017-04-11 18:12:00,397 [Worker-18] INFO  o.e.m.c.i.embedder.EclipseLogger - skip non existing resourceDirectory E:\study\Java\Datastructure\agx-Datastructure\src\test\resources
2017-04-11 18:13:20,062 [Worker-9] INFO  o.e.m.c.i.embedder.EclipseLogger - Using 'UTF-8' encoding to copy filtered resources.
2017-04-11 18:13:20,062 [Worker-9] INFO  o.e.m.c.i.embedder.EclipseLogger - skip non existing resourceDirectory E:\study\Java\Datastructure\agx-Datastructure\src\main\resources
2017-04-11 18:13:20,062 [Worker-9] INFO  o.e.m.c.i.embedder.EclipseLogger - Using 'UTF-8' encoding to copy filtered resources.
2017-04-11 18:13:20,062 [Worker-9] INFO  o.e.m.c.i.embedder.EclipseLogger - skip non existing resourceDirectory E:\study\Java\Datastructure\agx-Datastructure\src\test\resources
2017-04-11 18:13:21,507 [Worker-9] INFO  o.e.m.c.i.embedder.EclipseLogger - Using 'UTF-8' encoding to copy filtered resources.
2017-04-11 18:13:21,507 [Worker-9] INFO  o.e.m.c.i.embedder.EclipseLogger - skip non existing resourceDirectory E:\study\Java\Datastructure\agx-Datastructure\src\main\resources
2017-04-11 18:13:21,507 [Worker-9] INFO  o.e.m.c.i.embedder.EclipseLogger - Using 'UTF-8' encoding to copy filtered resources.
2017-04-11 18:13:21,507 [Worker-9] INFO  o.e.m.c.i.embedder.EclipseLogger - skip non existing resourceDirectory E:\study\Java\Datastructure\agx-Datastructure\src\test\resources
2017-04-11 18:20:50,345 [Worker-8] INFO  o.e.m.c.i.embedder.EclipseLogger - Using 'UTF-8' encoding to copy filtered resources.
2017-04-11 18:20:50,345 [Worker-8] INFO  o.e.m.c.i.embedder.EclipseLogger - skip non existing resourceDirectory E:\study\Java\Datastructure\agx-Datastructure\src\main\resources
2017-04-11 18:20:50,345 [Worker-8] INFO  o.e.m.c.i.embedder.EclipseLogger - Using 'UTF-8' encoding to copy filtered resources.
2017-04-11 18:20:50,345 [Worker-8] INFO  o.e.m.c.i.embedder.EclipseLogger - skip non existing resourceDirectory E:\study\Java\Datastructure\agx-Datastructure\src\test\resources
2017-04-11 18:21:14,911 [Worker-0] INFO  o.e.m.c.i.embedder.EclipseLogger - Using 'UTF-8' encoding to copy filtered resources.
2017-04-11 18:21:14,911 [Worker-0] INFO  o.e.m.c.i.embedder.EclipseLogger - skip non existing resourceDirectory E:\study\Java\Datastructure\agx-Datastructure\src\main\resources
2017-04-11 18:21:14,911 [Worker-0] INFO  o.e.m.c.i.embedder.EclipseLogger - Using 'UTF-8' encoding to copy filtered resources.
2017-04-11 18:21:14,911 [Worker-0] INFO  o.e.m.c.i.embedder.EclipseLogger - skip non existing resourceDirectory E:\study\Java\Datastructure\agx-Datastructure\src\test\resources
2017-04-11 18:23:52,384 [Worker-5] INFO  o.e.m.c.i.embedder.EclipseLogger - Using 'UTF-8' encoding to copy filtered resources.
2017-04-11 18:23:52,384 [Worker-5] INFO  o.e.m.c.i.embedder.EclipseLogger - skip non existing resourceDirectory E:\study\Java\Datastructure\agx-Datastructure\src\main\resources
2017-04-11 18:23:52,384 [Worker-5] INFO  o.e.m.c.i.embedder.EclipseLogger - Using 'UTF-8' encoding to copy filtered resources.
2017-04-11 18:23:52,384 [Worker-5] INFO  o.e.m.c.i.embedder.EclipseLogger - skip non existing resourceDirectory E:\study\Java\Datastructure\agx-Datastructure\src\test\resources
2017-04-11 18:24:09,348 [Worker-5] INFO  o.e.m.c.i.embedder.EclipseLogger - Using 'UTF-8' encoding to copy filtered resources.
2017-04-11 18:24:09,348 [Worker-5] INFO  o.e.m.c.i.embedder.EclipseLogger - skip non existing resourceDirectory E:\study\Java\Datastructure\agx-Datastructure\src\main\resources
2017-04-11 18:24:09,348 [Worker-5] INFO  o.e.m.c.i.embedder.EclipseLogger - Using 'UTF-8' encoding to copy filtered resources.
2017-04-11 18:24:09,348 [Worker-5] INFO  o.e.m.c.i.embedder.EclipseLogger - skip non existing resourceDirectory E:\study\Java\Datastructure\agx-Datastructure\src\test\resources
2017-04-11 18:29:07,393 [Worker-5] INFO  o.e.m.c.i.embedder.EclipseLogger - Using 'UTF-8' encoding to copy filtered resources.
2017-04-11 18:29:07,393 [Worker-5] INFO  o.e.m.c.i.embedder.EclipseLogger - skip non existing resourceDirectory E:\study\Java\Datastructure\agx-Datastructure\src\main\resources
2017-04-11 18:29:07,393 [Worker-5] INFO  o.e.m.c.i.embedder.EclipseLogger - Using 'UTF-8' encoding to copy filtered resources.
2017-04-11 18:29:07,393 [Worker-5] INFO  o.e.m.c.i.embedder.EclipseLogger - skip non existing resourceDirectory E:\study\Java\Datastructure\agx-Datastructure\src\test\resources
2017-04-11 18:40:16,104 [Worker-8] INFO  o.e.m.c.i.embedder.EclipseLogger - Using 'UTF-8' encoding to copy filtered resources.
2017-04-11 18:40:16,104 [Worker-8] INFO  o.e.m.c.i.embedder.EclipseLogger - skip non existing resourceDirectory E:\study\Java\Datastructure\agx-Datastructure\src\main\resources
2017-04-11 18:40:16,112 [Worker-8] INFO  o.e.m.c.i.embedder.EclipseLogger - Using 'UTF-8' encoding to copy filtered resources.
2017-04-11 18:40:16,112 [Worker-8] INFO  o.e.m.c.i.embedder.EclipseLogger - skip non existing resourceDirectory E:\study\Java\Datastructure\agx-Datastructure\src\test\resources
2017-04-11 18:40:59,635 [Worker-8] INFO  o.e.m.c.i.embedder.EclipseLogger - Using 'UTF-8' encoding to copy filtered resources.
2017-04-11 18:40:59,635 [Worker-8] INFO  o.e.m.c.i.embedder.EclipseLogger - skip non existing resourceDirectory E:\study\Java\Datastructure\agx-Datastructure\src\main\resources
2017-04-11 18:40:59,635 [Worker-8] INFO  o.e.m.c.i.embedder.EclipseLogger - Using 'UTF-8' encoding to copy filtered resources.
2017-04-11 18:40:59,635 [Worker-8] INFO  o.e.m.c.i.embedder.EclipseLogger - skip non existing resourceDirectory E:\study\Java\Datastructure\agx-Datastructure\src\test\resources
2017-04-11 18:48:29,851 [Worker-8] INFO  o.e.m.c.i.embedder.EclipseLogger - Using 'UTF-8' encoding to copy filtered resources.
2017-04-11 18:48:29,851 [Worker-8] INFO  o.e.m.c.i.embedder.EclipseLogger - skip non existing resourceDirectory E:\study\Java\Datastructure\agx-Datastructure\src\main\resources
2017-04-11 18:48:29,851 [Worker-8] INFO  o.e.m.c.i.embedder.EclipseLogger - Using 'UTF-8' encoding to copy filtered resources.
2017-04-11 18:48:29,851 [Worker-8] INFO  o.e.m.c.i.embedder.EclipseLogger - skip non existing resourceDirectory E:\study\Java\Datastructure\agx-Datastructure\src\test\resources
2017-04-11 18:48:53,256 [Worker-8] INFO  o.e.m.c.i.embedder.EclipseLogger - Using 'UTF-8' encoding to copy filtered resources.
2017-04-11 18:48:53,256 [Worker-8] INFO  o.e.m.c.i.embedder.EclipseLogger - skip non existing resourceDirectory E:\study\Java\Datastructure\agx-Datastructure\src\main\resources
2017-04-11 18:48:53,256 [Worker-8] INFO  o.e.m.c.i.embedder.EclipseLogger - Using 'UTF-8' encoding to copy filtered resources.
2017-04-11 18:48:53,256 [Worker-8] INFO  o.e.m.c.i.embedder.EclipseLogger - skip non existing resourceDirectory E:\study\Java\Datastructure\agx-Datastructure\src\test\resources
2017-04-11 18:48:58,259 [Worker-9] INFO  o.e.m.c.i.embedder.EclipseLogger - Using 'UTF-8' encoding to copy filtered resources.
2017-04-11 18:48:58,259 [Worker-9] INFO  o.e.m.c.i.embedder.EclipseLogger - skip non existing resourceDirectory E:\study\Java\Datastructure\agx-Datastructure\src\main\resources
2017-04-11 18:48:58,259 [Worker-9] INFO  o.e.m.c.i.embedder.EclipseLogger - Using 'UTF-8' encoding to copy filtered resources.
2017-04-11 18:48:58,259 [Worker-9] INFO  o.e.m.c.i.embedder.EclipseLogger - skip non existing resourceDirectory E:\study\Java\Datastructure\agx-Datastructure\src\test\resources
2017-04-11 18:49:34,149 [Worker-8] INFO  o.e.m.c.i.embedder.EclipseLogger - Using 'UTF-8' encoding to copy filtered resources.
2017-04-11 18:49:34,149 [Worker-8] INFO  o.e.m.c.i.embedder.EclipseLogger - skip non existing resourceDirectory E:\study\Java\Datastructure\agx-Datastructure\src\main\resources
2017-04-11 18:49:34,149 [Worker-8] INFO  o.e.m.c.i.embedder.EclipseLogger - Using 'UTF-8' encoding to copy filtered resources.
2017-04-11 18:49:34,149 [Worker-8] INFO  o.e.m.c.i.embedder.EclipseLogger - skip non existing resourceDirectory E:\study\Java\Datastructure\agx-Datastructure\src\test\resources
2017-04-11 18:49:53,340 [Worker-21] INFO  o.e.m.c.i.embedder.EclipseLogger - Using 'UTF-8' encoding to copy filtered resources.
2017-04-11 18:49:53,340 [Worker-21] INFO  o.e.m.c.i.embedder.EclipseLogger - skip non existing resourceDirectory E:\study\Java\Datastructure\agx-Datastructure\src\main\resources
2017-04-11 18:49:53,348 [Worker-21] INFO  o.e.m.c.i.embedder.EclipseLogger - Using 'UTF-8' encoding to copy filtered resources.
2017-04-11 18:49:53,348 [Worker-21] INFO  o.e.m.c.i.embedder.EclipseLogger - skip non existing resourceDirectory E:\study\Java\Datastructure\agx-Datastructure\src\test\resources
2017-04-11 18:50:29,749 [Worker-9] INFO  o.e.m.c.i.embedder.EclipseLogger - Using 'UTF-8' encoding to copy filtered resources.
2017-04-11 18:50:29,749 [Worker-9] INFO  o.e.m.c.i.embedder.EclipseLogger - skip non existing resourceDirectory E:\study\Java\Datastructure\agx-Datastructure\src\main\resources
2017-04-11 18:50:29,749 [Worker-9] INFO  o.e.m.c.i.embedder.EclipseLogger - Using 'UTF-8' encoding to copy filtered resources.
2017-04-11 18:50:29,749 [Worker-9] INFO  o.e.m.c.i.embedder.EclipseLogger - skip non existing resourceDirectory E:\study\Java\Datastructure\agx-Datastructure\src\test\resources
2017-04-11 18:53:07,343 [Worker-26] INFO  o.e.m.c.i.embedder.EclipseLogger - Using 'UTF-8' encoding to copy filtered resources.
2017-04-11 18:53:07,343 [Worker-26] INFO  o.e.m.c.i.embedder.EclipseLogger - skip non existing resourceDirectory E:\study\Java\Datastructure\agx-Datastructure\src\main\resources
2017-04-11 18:53:07,343 [Worker-26] INFO  o.e.m.c.i.embedder.EclipseLogger - Using 'UTF-8' encoding to copy filtered resources.
2017-04-11 18:53:07,343 [Worker-26] INFO  o.e.m.c.i.embedder.EclipseLogger - skip non existing resourceDirectory E:\study\Java\Datastructure\agx-Datastructure\src\test\resources
2017-04-11 18:53:17,263 [Worker-29] INFO  o.e.m.c.i.embedder.EclipseLogger - Using 'UTF-8' encoding to copy filtered resources.
2017-04-11 18:53:17,263 [Worker-29] INFO  o.e.m.c.i.embedder.EclipseLogger - skip non existing resourceDirectory E:\study\Java\Datastructure\agx-Datastructure\src\main\resources
2017-04-11 18:53:17,263 [Worker-29] INFO  o.e.m.c.i.embedder.EclipseLogger - Using 'UTF-8' encoding to copy filtered resources.
2017-04-11 18:53:17,263 [Worker-29] INFO  o.e.m.c.i.embedder.EclipseLogger - skip non existing resourceDirectory E:\study\Java\Datastructure\agx-Datastructure\src\test\resources
2017-04-11 18:53:25,293 [Worker-28] INFO  o.e.m.c.i.embedder.EclipseLogger - Using 'UTF-8' encoding to copy filtered resources.
2017-04-11 18:53:25,293 [Worker-28] INFO  o.e.m.c.i.embedder.EclipseLogger - skip non existing resourceDirectory E:\study\Java\Datastructure\agx-Datastructure\src\main\resources
2017-04-11 18:53:25,293 [Worker-28] INFO  o.e.m.c.i.embedder.EclipseLogger - Using 'UTF-8' encoding to copy filtered resources.
2017-04-11 18:53:25,293 [Worker-28] INFO  o.e.m.c.i.embedder.EclipseLogger - skip non existing resourceDirectory E:\study\Java\Datastructure\agx-Datastructure\src\test\resources
2017-04-11 18:54:22,668 [Worker-9] INFO  o.e.m.c.i.embedder.EclipseLogger - Using 'UTF-8' encoding to copy filtered resources.
2017-04-11 18:54:22,668 [Worker-9] INFO  o.e.m.c.i.embedder.EclipseLogger - skip non existing resourceDirectory E:\study\Java\Datastructure\agx-Datastructure\src\main\resources
2017-04-11 18:54:22,668 [Worker-9] INFO  o.e.m.c.i.embedder.EclipseLogger - Using 'UTF-8' encoding to copy filtered resources.
2017-04-11 18:54:22,668 [Worker-9] INFO  o.e.m.c.i.embedder.EclipseLogger - skip non existing resourceDirectory E:\study\Java\Datastructure\agx-Datastructure\src\test\resources
2017-04-11 18:54:50,079 [Worker-26] INFO  o.e.m.c.i.embedder.EclipseLogger - Using 'UTF-8' encoding to copy filtered resources.
2017-04-11 18:54:50,079 [Worker-26] INFO  o.e.m.c.i.embedder.EclipseLogger - skip non existing resourceDirectory E:\study\Java\Datastructure\agx-Datastructure\src\main\resources
2017-04-11 18:54:50,080 [Worker-26] INFO  o.e.m.c.i.embedder.EclipseLogger - Using 'UTF-8' encoding to copy filtered resources.
2017-04-11 18:54:50,080 [Worker-26] INFO  o.e.m.c.i.embedder.EclipseLogger - skip non existing resourceDirectory E:\study\Java\Datastructure\agx-Datastructure\src\test\resources
2017-04-11 18:57:24,890 [Worker-17] INFO  o.e.m.c.i.embedder.EclipseLogger - Using 'UTF-8' encoding to copy filtered resources.
2017-04-11 18:57:24,890 [Worker-17] INFO  o.e.m.c.i.embedder.EclipseLogger - skip non existing resourceDirectory E:\study\Java\Datastructure\agx-Datastructure\src\main\resources
2017-04-11 18:57:24,890 [Worker-17] INFO  o.e.m.c.i.embedder.EclipseLogger - Using 'UTF-8' encoding to copy filtered resources.
2017-04-11 18:57:24,890 [Worker-17] INFO  o.e.m.c.i.embedder.EclipseLogger - skip non existing resourceDirectory E:\study\Java\Datastructure\agx-Datastructure\src\test\resources
2017-04-11 18:57:38,666 [Worker-26] INFO  o.e.m.c.i.embedder.EclipseLogger - Using 'UTF-8' encoding to copy filtered resources.
2017-04-11 18:57:38,666 [Worker-26] INFO  o.e.m.c.i.embedder.EclipseLogger - skip non existing resourceDirectory E:\study\Java\Datastructure\agx-Datastructure\src\main\resources
2017-04-11 18:57:38,667 [Worker-26] INFO  o.e.m.c.i.embedder.EclipseLogger - Using 'UTF-8' encoding to copy filtered resources.
2017-04-11 18:57:38,667 [Worker-26] INFO  o.e.m.c.i.embedder.EclipseLogger - skip non existing resourceDirectory E:\study\Java\Datastructure\agx-Datastructure\src\test\resources
2017-04-11 18:58:02,030 [Worker-21] INFO  o.e.m.c.i.embedder.EclipseLogger - Using 'UTF-8' encoding to copy filtered resources.
2017-04-11 18:58:02,031 [Worker-21] INFO  o.e.m.c.i.embedder.EclipseLogger - skip non existing resourceDirectory E:\study\Java\Datastructure\agx-Datastructure\src\main\resources
2017-04-11 18:58:02,031 [Worker-21] INFO  o.e.m.c.i.embedder.EclipseLogger - Using 'UTF-8' encoding to copy filtered resources.
2017-04-11 18:58:02,031 [Worker-21] INFO  o.e.m.c.i.embedder.EclipseLogger - skip non existing resourceDirectory E:\study\Java\Datastructure\agx-Datastructure\src\test\resources
2017-04-11 18:58:18,086 [Worker-17] INFO  o.e.m.c.i.embedder.EclipseLogger - Using 'UTF-8' encoding to copy filtered resources.
2017-04-11 18:58:18,086 [Worker-17] INFO  o.e.m.c.i.embedder.EclipseLogger - skip non existing resourceDirectory E:\study\Java\Datastructure\agx-Datastructure\src\main\resources
2017-04-11 18:58:18,087 [Worker-17] INFO  o.e.m.c.i.embedder.EclipseLogger - Using 'UTF-8' encoding to copy filtered resources.
2017-04-11 18:58:18,087 [Worker-17] INFO  o.e.m.c.i.embedder.EclipseLogger - skip non existing resourceDirectory E:\study\Java\Datastructure\agx-Datastructure\src\test\resources
2017-04-11 18:59:14,683 [Worker-27] INFO  o.e.m.c.i.embedder.EclipseLogger - Using 'UTF-8' encoding to copy filtered resources.
2017-04-11 18:59:14,683 [Worker-27] INFO  o.e.m.c.i.embedder.EclipseLogger - skip non existing resourceDirectory E:\study\Java\Datastructure\agx-Datastructure\src\main\resources
2017-04-11 18:59:14,683 [Worker-27] INFO  o.e.m.c.i.embedder.EclipseLogger - Using 'UTF-8' encoding to copy filtered resources.
2017-04-11 18:59:14,683 [Worker-27] INFO  o.e.m.c.i.embedder.EclipseLogger - skip non existing resourceDirectory E:\study\Java\Datastructure\agx-Datastructure\src\test\resources
2017-04-11 18:59:20,574 [Worker-28] INFO  o.e.m.c.i.embedder.EclipseLogger - Using 'UTF-8' encoding to copy filtered resources.
2017-04-11 18:59:20,574 [Worker-28] INFO  o.e.m.c.i.embedder.EclipseLogger - skip non existing resourceDirectory E:\study\Java\Datastructure\agx-Datastructure\src\main\resources
2017-04-11 18:59:20,575 [Worker-28] INFO  o.e.m.c.i.embedder.EclipseLogger - Using 'UTF-8' encoding to copy filtered resources.
2017-04-11 18:59:20,575 [Worker-28] INFO  o.e.m.c.i.embedder.EclipseLogger - skip non existing resourceDirectory E:\study\Java\Datastructure\agx-Datastructure\src\test\resources
2017-04-11 18:59:53,530 [Worker-17] INFO  o.e.m.c.i.embedder.EclipseLogger - Using 'UTF-8' encoding to copy filtered resources.
2017-04-11 18:59:53,530 [Worker-17] INFO  o.e.m.c.i.embedder.EclipseLogger - skip non existing resourceDirectory E:\study\Java\Datastructure\agx-Datastructure\src\main\resources
2017-04-11 18:59:53,531 [Worker-17] INFO  o.e.m.c.i.embedder.EclipseLogger - Using 'UTF-8' encoding to copy filtered resources.
2017-04-11 18:59:53,531 [Worker-17] INFO  o.e.m.c.i.embedder.EclipseLogger - skip non existing resourceDirectory E:\study\Java\Datastructure\agx-Datastructure\src\test\resources
2017-04-11 19:00:29,058 [Worker-34] INFO  o.e.m.c.i.embedder.EclipseLogger - Using 'UTF-8' encoding to copy filtered resources.
2017-04-11 19:00:29,058 [Worker-34] INFO  o.e.m.c.i.embedder.EclipseLogger - skip non existing resourceDirectory E:\study\Java\Datastructure\agx-Datastructure\src\main\resources
2017-04-11 19:00:29,059 [Worker-34] INFO  o.e.m.c.i.embedder.EclipseLogger - Using 'UTF-8' encoding to copy filtered resources.
2017-04-11 19:00:29,059 [Worker-34] INFO  o.e.m.c.i.embedder.EclipseLogger - skip non existing resourceDirectory E:\study\Java\Datastructure\agx-Datastructure\src\test\resources
2017-04-11 19:03:35,475 [Worker-17] INFO  o.e.m.c.i.embedder.EclipseLogger - Using 'UTF-8' encoding to copy filtered resources.
2017-04-11 19:03:35,476 [Worker-17] INFO  o.e.m.c.i.embedder.EclipseLogger - skip non existing resourceDirectory E:\study\Java\Datastructure\agx-Datastructure\src\main\resources
2017-04-11 19:03:35,476 [Worker-17] INFO  o.e.m.c.i.embedder.EclipseLogger - Using 'UTF-8' encoding to copy filtered resources.
2017-04-11 19:03:35,476 [Worker-17] INFO  o.e.m.c.i.embedder.EclipseLogger - skip non existing resourceDirectory E:\study\Java\Datastructure\agx-Datastructure\src\test\resources
2017-04-11 19:03:40,698 [Worker-25] INFO  o.e.m.c.i.embedder.EclipseLogger - Using 'UTF-8' encoding to copy filtered resources.
2017-04-11 19:03:40,699 [Worker-25] INFO  o.e.m.c.i.embedder.EclipseLogger - skip non existing resourceDirectory E:\study\Java\Datastructure\agx-Datastructure\src\main\resources
2017-04-11 19:03:40,699 [Worker-25] INFO  o.e.m.c.i.embedder.EclipseLogger - Using 'UTF-8' encoding to copy filtered resources.
2017-04-11 19:03:40,699 [Worker-25] INFO  o.e.m.c.i.embedder.EclipseLogger - skip non existing resourceDirectory E:\study\Java\Datastructure\agx-Datastructure\src\test\resources
2017-04-11 19:03:52,992 [Worker-25] INFO  o.e.m.c.i.embedder.EclipseLogger - Using 'UTF-8' encoding to copy filtered resources.
2017-04-11 19:03:52,992 [Worker-25] INFO  o.e.m.c.i.embedder.EclipseLogger - skip non existing resourceDirectory E:\study\Java\Datastructure\agx-Datastructure\src\main\resources
2017-04-11 19:03:52,993 [Worker-25] INFO  o.e.m.c.i.embedder.EclipseLogger - Using 'UTF-8' encoding to copy filtered resources.
2017-04-11 19:03:52,993 [Worker-25] INFO  o.e.m.c.i.embedder.EclipseLogger - skip non existing resourceDirectory E:\study\Java\Datastructure\agx-Datastructure\src\test\resources
2017-04-11 19:06:08,443 [Worker-32] INFO  o.e.m.c.i.embedder.EclipseLogger - Using 'UTF-8' encoding to copy filtered resources.
2017-04-11 19:06:08,443 [Worker-32] INFO  o.e.m.c.i.embedder.EclipseLogger - skip non existing resourceDirectory E:\study\Java\Datastructure\agx-Datastructure\src\main\resources
2017-04-11 19:06:08,444 [Worker-32] INFO  o.e.m.c.i.embedder.EclipseLogger - Using 'UTF-8' encoding to copy filtered resources.
2017-04-11 19:06:08,444 [Worker-32] INFO  o.e.m.c.i.embedder.EclipseLogger - skip non existing resourceDirectory E:\study\Java\Datastructure\agx-Datastructure\src\test\resources
2017-04-11 19:06:21,336 [Worker-27] INFO  o.e.m.c.i.embedder.EclipseLogger - Using 'UTF-8' encoding to copy filtered resources.
2017-04-11 19:06:21,336 [Worker-27] INFO  o.e.m.c.i.embedder.EclipseLogger - skip non existing resourceDirectory E:\study\Java\Datastructure\agx-Datastructure\src\main\resources
2017-04-11 19:06:21,337 [Worker-27] INFO  o.e.m.c.i.embedder.EclipseLogger - Using 'UTF-8' encoding to copy filtered resources.
2017-04-11 19:06:21,337 [Worker-27] INFO  o.e.m.c.i.embedder.EclipseLogger - skip non existing resourceDirectory E:\study\Java\Datastructure\agx-Datastructure\src\test\resources
2017-04-11 19:07:33,841 [Worker-30] INFO  o.e.m.c.i.embedder.EclipseLogger - Using 'UTF-8' encoding to copy filtered resources.
2017-04-11 19:07:33,841 [Worker-30] INFO  o.e.m.c.i.embedder.EclipseLogger - skip non existing resourceDirectory E:\study\Java\Datastructure\agx-Datastructure\src\main\resources
2017-04-11 19:07:33,841 [Worker-30] INFO  o.e.m.c.i.embedder.EclipseLogger - Using 'UTF-8' encoding to copy filtered resources.
2017-04-11 19:07:33,842 [Worker-30] INFO  o.e.m.c.i.embedder.EclipseLogger - skip non existing resourceDirectory E:\study\Java\Datastructure\agx-Datastructure\src\test\resources
2017-04-11 19:07:54,252 [Worker-32] INFO  o.e.m.c.i.embedder.EclipseLogger - Using 'UTF-8' encoding to copy filtered resources.
2017-04-11 19:07:54,252 [Worker-32] INFO  o.e.m.c.i.embedder.EclipseLogger - skip non existing resourceDirectory E:\study\Java\Datastructure\agx-Datastructure\src\main\resources
2017-04-11 19:07:54,253 [Worker-32] INFO  o.e.m.c.i.embedder.EclipseLogger - Using 'UTF-8' encoding to copy filtered resources.
2017-04-11 19:07:54,253 [Worker-32] INFO  o.e.m.c.i.embedder.EclipseLogger - skip non existing resourceDirectory E:\study\Java\Datastructure\agx-Datastructure\src\test\resources
2017-04-11 19:10:20,577 [Worker-25] INFO  o.e.m.c.i.embedder.EclipseLogger - Using 'UTF-8' encoding to copy filtered resources.
2017-04-11 19:10:20,577 [Worker-25] INFO  o.e.m.c.i.embedder.EclipseLogger - skip non existing resourceDirectory E:\study\Java\Datastructure\agx-Datastructure\src\main\resources
2017-04-11 19:10:20,578 [Worker-25] INFO  o.e.m.c.i.embedder.EclipseLogger - Using 'UTF-8' encoding to copy filtered resources.
2017-04-11 19:10:20,578 [Worker-25] INFO  o.e.m.c.i.embedder.EclipseLogger - skip non existing resourceDirectory E:\study\Java\Datastructure\agx-Datastructure\src\test\resources
2017-04-11 19:12:44,914 [Worker-9] INFO  o.e.m.c.i.embedder.EclipseLogger - Using 'UTF-8' encoding to copy filtered resources.
2017-04-11 19:12:44,914 [Worker-9] INFO  o.e.m.c.i.embedder.EclipseLogger - skip non existing resourceDirectory E:\study\Java\Datastructure\agx-Datastructure\src\main\resources
2017-04-11 19:12:44,915 [Worker-9] INFO  o.e.m.c.i.embedder.EclipseLogger - Using 'UTF-8' encoding to copy filtered resources.
2017-04-11 19:12:44,915 [Worker-9] INFO  o.e.m.c.i.embedder.EclipseLogger - skip non existing resourceDirectory E:\study\Java\Datastructure\agx-Datastructure\src\test\resources
2017-04-11 19:16:03,314 [Worker-9] INFO  o.e.m.c.i.embedder.EclipseLogger - Using 'UTF-8' encoding to copy filtered resources.
2017-04-11 19:16:03,314 [Worker-9] INFO  o.e.m.c.i.embedder.EclipseLogger - skip non existing resourceDirectory E:\study\Java\Datastructure\agx-Datastructure\src\main\resources
2017-04-11 19:16:03,315 [Worker-9] INFO  o.e.m.c.i.embedder.EclipseLogger - Using 'UTF-8' encoding to copy filtered resources.
2017-04-11 19:16:03,315 [Worker-9] INFO  o.e.m.c.i.embedder.EclipseLogger - skip non existing resourceDirectory E:\study\Java\Datastructure\agx-Datastructure\src\test\resources
2017-04-11 19:26:18,618 [Worker-38] INFO  o.e.m.c.i.embedder.EclipseLogger - Using 'UTF-8' encoding to copy filtered resources.
2017-04-11 19:26:18,619 [Worker-38] INFO  o.e.m.c.i.embedder.EclipseLogger - skip non existing resourceDirectory E:\study\Java\Datastructure\agx-Datastructure\src\main\resources
2017-04-11 19:26:18,619 [Worker-38] INFO  o.e.m.c.i.embedder.EclipseLogger - Using 'UTF-8' encoding to copy filtered resources.
2017-04-11 19:26:18,619 [Worker-38] INFO  o.e.m.c.i.embedder.EclipseLogger - skip non existing resourceDirectory E:\study\Java\Datastructure\agx-Datastructure\src\test\resources
2017-04-11 19:27:39,164 [Worker-39] INFO  o.e.m.c.i.embedder.EclipseLogger - Using 'UTF-8' encoding to copy filtered resources.
2017-04-11 19:27:39,164 [Worker-39] INFO  o.e.m.c.i.embedder.EclipseLogger - skip non existing resourceDirectory E:\study\Java\Datastructure\agx-Datastructure\src\main\resources
2017-04-11 19:27:39,165 [Worker-39] INFO  o.e.m.c.i.embedder.EclipseLogger - Using 'UTF-8' encoding to copy filtered resources.
2017-04-11 19:27:39,165 [Worker-39] INFO  o.e.m.c.i.embedder.EclipseLogger - skip non existing resourceDirectory E:\study\Java\Datastructure\agx-Datastructure\src\test\resources
2017-04-11 19:27:53,379 [Worker-42] INFO  o.e.m.c.i.embedder.EclipseLogger - Using 'UTF-8' encoding to copy filtered resources.
2017-04-11 19:27:53,379 [Worker-42] INFO  o.e.m.c.i.embedder.EclipseLogger - skip non existing resourceDirectory E:\study\Java\Datastructure\agx-Datastructure\src\main\resources
2017-04-11 19:27:53,380 [Worker-42] INFO  o.e.m.c.i.embedder.EclipseLogger - Using 'UTF-8' encoding to copy filtered resources.
2017-04-11 19:27:53,380 [Worker-42] INFO  o.e.m.c.i.embedder.EclipseLogger - skip non existing resourceDirectory E:\study\Java\Datastructure\agx-Datastructure\src\test\resources
2017-04-11 19:45:51,285 [Worker-16] INFO  o.e.m.c.i.embedder.EclipseLogger - Using 'UTF-8' encoding to copy filtered resources.
2017-04-11 19:45:51,288 [Worker-16] INFO  o.e.m.c.i.embedder.EclipseLogger - skip non existing resourceDirectory E:\study\Java\Datastructure\agx-Datastructure\src\main\resources
2017-04-11 19:45:51,290 [Worker-16] INFO  o.e.m.c.i.embedder.EclipseLogger - Using 'UTF-8' encoding to copy filtered resources.
2017-04-11 19:45:51,291 [Worker-16] INFO  o.e.m.c.i.embedder.EclipseLogger - skip non existing resourceDirectory E:\study\Java\Datastructure\agx-Datastructure\src\test\resources
2017-04-11 19:46:12,233 [Worker-2] INFO  o.e.m.c.i.embedder.EclipseLogger - Using 'UTF-8' encoding to copy filtered resources.
2017-04-11 19:46:12,235 [Worker-2] INFO  o.e.m.c.i.embedder.EclipseLogger - skip non existing resourceDirectory E:\study\Java\Datastructure\agx-Datastructure\src\main\resources
2017-04-11 19:46:12,236 [Worker-2] INFO  o.e.m.c.i.embedder.EclipseLogger - Using 'UTF-8' encoding to copy filtered resources.
2017-04-11 19:46:12,236 [Worker-2] INFO  o.e.m.c.i.embedder.EclipseLogger - skip non existing resourceDirectory E:\study\Java\Datastructure\agx-Datastructure\src\test\resources
2017-04-11 19:46:38,698 [Worker-4] INFO  o.e.m.c.i.embedder.EclipseLogger - Using 'UTF-8' encoding to copy filtered resources.
2017-04-11 19:46:38,698 [Worker-4] INFO  o.e.m.c.i.embedder.EclipseLogger - skip non existing resourceDirectory E:\study\Java\Datastructure\agx-Datastructure\src\main\resources
2017-04-11 19:46:38,698 [Worker-4] INFO  o.e.m.c.i.embedder.EclipseLogger - Using 'UTF-8' encoding to copy filtered resources.
2017-04-11 19:46:38,698 [Worker-4] INFO  o.e.m.c.i.embedder.EclipseLogger - skip non existing resourceDirectory E:\study\Java\Datastructure\agx-Datastructure\src\test\resources
2017-04-11 19:47:02,206 [Worker-11] INFO  o.e.m.c.i.embedder.EclipseLogger - Using 'UTF-8' encoding to copy filtered resources.
2017-04-11 19:47:02,206 [Worker-11] INFO  o.e.m.c.i.embedder.EclipseLogger - skip non existing resourceDirectory E:\study\Java\Datastructure\agx-Datastructure\src\main\resources
2017-04-11 19:47:02,206 [Worker-11] INFO  o.e.m.c.i.embedder.EclipseLogger - Using 'UTF-8' encoding to copy filtered resources.
2017-04-11 19:47:02,206 [Worker-11] INFO  o.e.m.c.i.embedder.EclipseLogger - skip non existing resourceDirectory E:\study\Java\Datastructure\agx-Datastructure\src\test\resources
2017-04-11 19:47:27,354 [Worker-11] INFO  o.e.m.c.i.embedder.EclipseLogger - Using 'UTF-8' encoding to copy filtered resources.
2017-04-11 19:47:27,354 [Worker-11] INFO  o.e.m.c.i.embedder.EclipseLogger - skip non existing resourceDirectory E:\study\Java\Datastructure\agx-Datastructure\src\main\resources
2017-04-11 19:47:27,355 [Worker-11] INFO  o.e.m.c.i.embedder.EclipseLogger - Using 'UTF-8' encoding to copy filtered resources.
2017-04-11 19:47:27,356 [Worker-11] INFO  o.e.m.c.i.embedder.EclipseLogger - skip non existing resourceDirectory E:\study\Java\Datastructure\agx-Datastructure\src\test\resources
2017-04-11 20:12:13,496 [Worker-14] INFO  o.e.m.c.i.embedder.EclipseLogger - Using 'UTF-8' encoding to copy filtered resources.
2017-04-11 20:12:13,503 [Worker-14] INFO  o.e.m.c.i.embedder.EclipseLogger - skip non existing resourceDirectory E:\study\Java\Datastructure\agx-Datastructure\src\main\resources
2017-04-11 20:12:13,506 [Worker-14] INFO  o.e.m.c.i.embedder.EclipseLogger - Using 'UTF-8' encoding to copy filtered resources.
2017-04-11 20:12:13,507 [Worker-14] INFO  o.e.m.c.i.embedder.EclipseLogger - skip non existing resourceDirectory E:\study\Java\Datastructure\agx-Datastructure\src\test\resources
2017-04-11 20:12:38,083 [Worker-12] INFO  o.e.m.c.i.embedder.EclipseLogger - Using 'UTF-8' encoding to copy filtered resources.
2017-04-11 20:12:38,083 [Worker-12] INFO  o.e.m.c.i.embedder.EclipseLogger - skip non existing resourceDirectory E:\study\Java\Datastructure\agx-Datastructure\src\main\resources
2017-04-11 20:12:38,084 [Worker-12] INFO  o.e.m.c.i.embedder.EclipseLogger - Using 'UTF-8' encoding to copy filtered resources.
2017-04-11 20:12:38,085 [Worker-12] INFO  o.e.m.c.i.embedder.EclipseLogger - skip non existing resourceDirectory E:\study\Java\Datastructure\agx-Datastructure\src\test\resources
2017-04-12 13:34:37,969 [Worker-3] INFO  o.e.m.c.i.embedder.EclipseLogger - Using 'UTF-8' encoding to copy filtered resources.
2017-04-12 13:34:37,975 [Worker-3] INFO  o.e.m.c.i.embedder.EclipseLogger - skip non existing resourceDirectory E:\study\Java\Datastructure\agx-Datastructure\src\main\resources
2017-04-12 13:34:37,976 [Worker-3] INFO  o.e.m.c.i.embedder.EclipseLogger - Using 'UTF-8' encoding to copy filtered resources.
2017-04-12 13:34:37,977 [Worker-3] INFO  o.e.m.c.i.embedder.EclipseLogger - skip non existing resourceDirectory E:\study\Java\Datastructure\agx-Datastructure\src\test\resources
2017-04-12 13:38:17,408 [Worker-19] INFO  o.e.m.c.i.embedder.EclipseLogger - Using 'UTF-8' encoding to copy filtered resources.
2017-04-12 13:38:17,408 [Worker-19] INFO  o.e.m.c.i.embedder.EclipseLogger - skip non existing resourceDirectory E:\study\Java\Datastructure\agx-Datastructure\src\main\resources
2017-04-12 13:38:17,410 [Worker-19] INFO  o.e.m.c.i.embedder.EclipseLogger - Using 'UTF-8' encoding to copy filtered resources.
2017-04-12 13:38:17,410 [Worker-19] INFO  o.e.m.c.i.embedder.EclipseLogger - skip non existing resourceDirectory E:\study\Java\Datastructure\agx-Datastructure\src\test\resources
2017-04-12 13:39:29,168 [Worker-9] INFO  o.e.m.c.i.embedder.EclipseLogger - Using 'UTF-8' encoding to copy filtered resources.
2017-04-12 13:39:29,168 [Worker-9] INFO  o.e.m.c.i.embedder.EclipseLogger - skip non existing resourceDirectory E:\study\Java\Datastructure\agx-Datastructure\src\main\resources
2017-04-12 13:39:29,169 [Worker-9] INFO  o.e.m.c.i.embedder.EclipseLogger - Using 'UTF-8' encoding to copy filtered resources.
2017-04-12 13:39:29,169 [Worker-9] INFO  o.e.m.c.i.embedder.EclipseLogger - skip non existing resourceDirectory E:\study\Java\Datastructure\agx-Datastructure\src\test\resources
2017-04-12 13:39:39,394 [Worker-9] INFO  o.e.m.c.i.embedder.EclipseLogger - Using 'UTF-8' encoding to copy filtered resources.
2017-04-12 13:39:39,394 [Worker-9] INFO  o.e.m.c.i.embedder.EclipseLogger - skip non existing resourceDirectory E:\study\Java\Datastructure\agx-Datastructure\src\main\resources
2017-04-12 13:39:39,395 [Worker-9] INFO  o.e.m.c.i.embedder.EclipseLogger - Using 'UTF-8' encoding to copy filtered resources.
2017-04-12 13:39:39,395 [Worker-9] INFO  o.e.m.c.i.embedder.EclipseLogger - skip non existing resourceDirectory E:\study\Java\Datastructure\agx-Datastructure\src\test\resources
2017-04-12 13:44:40,445 [Worker-3] INFO  o.e.m.c.i.embedder.EclipseLogger - Using 'UTF-8' encoding to copy filtered resources.
2017-04-12 13:44:40,445 [Worker-3] INFO  o.e.m.c.i.embedder.EclipseLogger - skip non existing resourceDirectory E:\study\Java\Datastructure\agx-Datastructure\src\main\resources
2017-04-12 13:44:40,446 [Worker-3] INFO  o.e.m.c.i.embedder.EclipseLogger - Using 'UTF-8' encoding to copy filtered resources.
2017-04-12 13:44:40,446 [Worker-3] INFO  o.e.m.c.i.embedder.EclipseLogger - skip non existing resourceDirectory E:\study\Java\Datastructure\agx-Datastructure\src\test\resources
2017-04-12 13:46:34,988 [Worker-3] INFO  o.e.m.c.i.embedder.EclipseLogger - Using 'UTF-8' encoding to copy filtered resources.
2017-04-12 13:46:34,988 [Worker-3] INFO  o.e.m.c.i.embedder.EclipseLogger - skip non existing resourceDirectory E:\study\Java\Datastructure\agx-Datastructure\src\main\resources
2017-04-12 13:46:34,989 [Worker-3] INFO  o.e.m.c.i.embedder.EclipseLogger - Using 'UTF-8' encoding to copy filtered resources.
2017-04-12 13:46:34,989 [Worker-3] INFO  o.e.m.c.i.embedder.EclipseLogger - skip non existing resourceDirectory E:\study\Java\Datastructure\agx-Datastructure\src\test\resources
2017-04-12 13:50:11,489 [Worker-26] INFO  o.e.m.c.i.embedder.EclipseLogger - Using 'UTF-8' encoding to copy filtered resources.
2017-04-12 13:50:11,489 [Worker-26] INFO  o.e.m.c.i.embedder.EclipseLogger - skip non existing resourceDirectory E:\study\Java\Datastructure\agx-Datastructure\src\main\resources
2017-04-12 13:50:11,490 [Worker-26] INFO  o.e.m.c.i.embedder.EclipseLogger - Using 'UTF-8' encoding to copy filtered resources.
2017-04-12 13:50:11,490 [Worker-26] INFO  o.e.m.c.i.embedder.EclipseLogger - skip non existing resourceDirectory E:\study\Java\Datastructure\agx-Datastructure\src\test\resources
2017-04-12 13:56:49,546 [Worker-26] INFO  o.e.m.c.i.embedder.EclipseLogger - Using 'UTF-8' encoding to copy filtered resources.
2017-04-12 13:56:49,547 [Worker-26] INFO  o.e.m.c.i.embedder.EclipseLogger - skip non existing resourceDirectory E:\study\Java\Datastructure\agx-Datastructure\src\main\resources
2017-04-12 13:56:49,548 [Worker-26] INFO  o.e.m.c.i.embedder.EclipseLogger - Using 'UTF-8' encoding to copy filtered resources.
2017-04-12 13:56:49,548 [Worker-26] INFO  o.e.m.c.i.embedder.EclipseLogger - skip non existing resourceDirectory E:\study\Java\Datastructure\agx-Datastructure\src\test\resources
2017-04-12 14:07:24,273 [Worker-3] INFO  o.e.m.c.i.embedder.EclipseLogger - Using 'UTF-8' encoding to copy filtered resources.
2017-04-12 14:07:24,273 [Worker-3] INFO  o.e.m.c.i.embedder.EclipseLogger - skip non existing resourceDirectory E:\study\Java\Datastructure\agx-Datastructure\src\main\resources
2017-04-12 14:07:24,273 [Worker-3] INFO  o.e.m.c.i.embedder.EclipseLogger - Using 'UTF-8' encoding to copy filtered resources.
2017-04-12 14:07:24,273 [Worker-3] INFO  o.e.m.c.i.embedder.EclipseLogger - skip non existing resourceDirectory E:\study\Java\Datastructure\agx-Datastructure\src\test\resources
2017-04-12 14:07:50,178 [Worker-25] INFO  o.e.m.c.i.embedder.EclipseLogger - Using 'UTF-8' encoding to copy filtered resources.
2017-04-12 14:07:50,178 [Worker-25] INFO  o.e.m.c.i.embedder.EclipseLogger - skip non existing resourceDirectory E:\study\Java\Datastructure\agx-Datastructure\src\main\resources
2017-04-12 14:07:50,179 [Worker-25] INFO  o.e.m.c.i.embedder.EclipseLogger - Using 'UTF-8' encoding to copy filtered resources.
2017-04-12 14:07:50,179 [Worker-25] INFO  o.e.m.c.i.embedder.EclipseLogger - skip non existing resourceDirectory E:\study\Java\Datastructure\agx-Datastructure\src\test\resources
2017-04-12 14:09:20,791 [Worker-25] INFO  o.e.m.c.i.embedder.EclipseLogger - Using 'UTF-8' encoding to copy filtered resources.
2017-04-12 14:09:20,791 [Worker-25] INFO  o.e.m.c.i.embedder.EclipseLogger - skip non existing resourceDirectory E:\study\Java\Datastructure\agx-Datastructure\src\main\resources
2017-04-12 14:09:20,792 [Worker-25] INFO  o.e.m.c.i.embedder.EclipseLogger - Using 'UTF-8' encoding to copy filtered resources.
2017-04-12 14:09:20,792 [Worker-25] INFO  o.e.m.c.i.embedder.EclipseLogger - skip non existing resourceDirectory E:\study\Java\Datastructure\agx-Datastructure\src\test\resources
2017-04-12 14:12:00,353 [Worker-27] INFO  o.e.m.c.i.embedder.EclipseLogger - Using 'UTF-8' encoding to copy filtered resources.
2017-04-12 14:12:00,353 [Worker-27] INFO  o.e.m.c.i.embedder.EclipseLogger - skip non existing resourceDirectory E:\study\Java\Datastructure\agx-Datastructure\src\main\resources
2017-04-12 14:12:00,354 [Worker-27] INFO  o.e.m.c.i.embedder.EclipseLogger - Using 'UTF-8' encoding to copy filtered resources.
2017-04-12 14:12:00,355 [Worker-27] INFO  o.e.m.c.i.embedder.EclipseLogger - skip non existing resourceDirectory E:\study\Java\Datastructure\agx-Datastructure\src\test\resources
2017-04-12 14:13:36,523 [Worker-25] INFO  o.e.m.c.i.embedder.EclipseLogger - Using 'UTF-8' encoding to copy filtered resources.
2017-04-12 14:13:36,524 [Worker-25] INFO  o.e.m.c.i.embedder.EclipseLogger - skip non existing resourceDirectory E:\study\Java\Datastructure\agx-Datastructure\src\main\resources
2017-04-12 14:13:36,524 [Worker-25] INFO  o.e.m.c.i.embedder.EclipseLogger - Using 'UTF-8' encoding to copy filtered resources.
2017-04-12 14:13:36,525 [Worker-25] INFO  o.e.m.c.i.embedder.EclipseLogger - skip non existing resourceDirectory E:\study\Java\Datastructure\agx-Datastructure\src\test\resources
2017-04-12 14:17:57,989 [Worker-24] INFO  o.e.m.c.i.embedder.EclipseLogger - Using 'UTF-8' encoding to copy filtered resources.
2017-04-12 14:17:57,989 [Worker-24] INFO  o.e.m.c.i.embedder.EclipseLogger - skip non existing resourceDirectory E:\study\Java\Datastructure\agx-Datastructure\src\main\resources
2017-04-12 14:17:57,990 [Worker-24] INFO  o.e.m.c.i.embedder.EclipseLogger - Using 'UTF-8' encoding to copy filtered resources.
2017-04-12 14:17:57,990 [Worker-24] INFO  o.e.m.c.i.embedder.EclipseLogger - skip non existing resourceDirectory E:\study\Java\Datastructure\agx-Datastructure\src\test\resources
2017-04-12 14:19:47,444 [Worker-32] INFO  o.e.m.c.i.embedder.EclipseLogger - Using 'UTF-8' encoding to copy filtered resources.
2017-04-12 14:19:47,444 [Worker-32] INFO  o.e.m.c.i.embedder.EclipseLogger - skip non existing resourceDirectory E:\study\Java\Datastructure\agx-Datastructure\src\main\resources
2017-04-12 14:19:47,445 [Worker-32] INFO  o.e.m.c.i.embedder.EclipseLogger - Using 'UTF-8' encoding to copy filtered resources.
2017-04-12 14:19:47,445 [Worker-32] INFO  o.e.m.c.i.embedder.EclipseLogger - skip non existing resourceDirectory E:\study\Java\Datastructure\agx-Datastructure\src\test\resources
2017-04-12 14:19:53,634 [Worker-29] INFO  o.e.m.c.i.embedder.EclipseLogger - Using 'UTF-8' encoding to copy filtered resources.
2017-04-12 14:19:53,635 [Worker-29] INFO  o.e.m.c.i.embedder.EclipseLogger - skip non existing resourceDirectory E:\study\Java\Datastructure\agx-Datastructure\src\main\resources
2017-04-12 14:19:53,641 [Worker-29] INFO  o.e.m.c.i.embedder.EclipseLogger - Using 'UTF-8' encoding to copy filtered resources.
2017-04-12 14:19:53,641 [Worker-29] INFO  o.e.m.c.i.embedder.EclipseLogger - skip non existing resourceDirectory E:\study\Java\Datastructure\agx-Datastructure\src\test\resources
2017-04-12 14:20:23,598 [Worker-28] INFO  o.e.m.c.i.embedder.EclipseLogger - Using 'UTF-8' encoding to copy filtered resources.
2017-04-12 14:20:23,599 [Worker-28] INFO  o.e.m.c.i.embedder.EclipseLogger - skip non existing resourceDirectory E:\study\Java\Datastructure\agx-Datastructure\src\main\resources
2017-04-12 14:20:23,600 [Worker-28] INFO  o.e.m.c.i.embedder.EclipseLogger - Using 'UTF-8' encoding to copy filtered resources.
2017-04-12 14:20:23,600 [Worker-28] INFO  o.e.m.c.i.embedder.EclipseLogger - skip non existing resourceDirectory E:\study\Java\Datastructure\agx-Datastructure\src\test\resources
2017-04-12 14:22:54,724 [Worker-25] INFO  o.e.m.c.i.embedder.EclipseLogger - Using 'UTF-8' encoding to copy filtered resources.
2017-04-12 14:22:54,724 [Worker-25] INFO  o.e.m.c.i.embedder.EclipseLogger - skip non existing resourceDirectory E:\study\Java\Datastructure\agx-Datastructure\src\main\resources
2017-04-12 14:22:54,725 [Worker-25] INFO  o.e.m.c.i.embedder.EclipseLogger - Using 'UTF-8' encoding to copy filtered resources.
2017-04-12 14:22:54,725 [Worker-25] INFO  o.e.m.c.i.embedder.EclipseLogger - skip non existing resourceDirectory E:\study\Java\Datastructure\agx-Datastructure\src\test\resources
2017-04-12 14:23:14,902 [Worker-25] INFO  o.e.m.c.i.embedder.EclipseLogger - Using 'UTF-8' encoding to copy filtered resources.
2017-04-12 14:23:14,902 [Worker-25] INFO  o.e.m.c.i.embedder.EclipseLogger - skip non existing resourceDirectory E:\study\Java\Datastructure\agx-Datastructure\src\main\resources
2017-04-12 14:23:14,902 [Worker-25] INFO  o.e.m.c.i.embedder.EclipseLogger - Using 'UTF-8' encoding to copy filtered resources.
2017-04-12 14:23:14,902 [Worker-25] INFO  o.e.m.c.i.embedder.EclipseLogger - skip non existing resourceDirectory E:\study\Java\Datastructure\agx-Datastructure\src\test\resources
2017-04-12 14:25:58,467 [Worker-35] INFO  o.e.m.c.i.embedder.EclipseLogger - Using 'UTF-8' encoding to copy filtered resources.
2017-04-12 14:25:58,468 [Worker-35] INFO  o.e.m.c.i.embedder.EclipseLogger - skip non existing resourceDirectory E:\study\Java\Datastructure\agx-Datastructure\src\main\resources
2017-04-12 14:25:58,468 [Worker-35] INFO  o.e.m.c.i.embedder.EclipseLogger - Using 'UTF-8' encoding to copy filtered resources.
2017-04-12 14:25:58,468 [Worker-35] INFO  o.e.m.c.i.embedder.EclipseLogger - skip non existing resourceDirectory E:\study\Java\Datastructure\agx-Datastructure\src\test\resources
2017-04-12 14:26:11,388 [Worker-38] INFO  o.e.m.c.i.embedder.EclipseLogger - Using 'UTF-8' encoding to copy filtered resources.
2017-04-12 14:26:11,388 [Worker-38] INFO  o.e.m.c.i.embedder.EclipseLogger - skip non existing resourceDirectory E:\study\Java\Datastructure\agx-Datastructure\src\main\resources
2017-04-12 14:26:11,389 [Worker-38] INFO  o.e.m.c.i.embedder.EclipseLogger - Using 'UTF-8' encoding to copy filtered resources.
2017-04-12 14:26:11,389 [Worker-38] INFO  o.e.m.c.i.embedder.EclipseLogger - skip non existing resourceDirectory E:\study\Java\Datastructure\agx-Datastructure\src\test\resources
2017-04-12 14:29:22,795 [Worker-33] INFO  o.e.m.c.i.embedder.EclipseLogger - Using 'UTF-8' encoding to copy filtered resources.
2017-04-12 14:29:22,796 [Worker-33] INFO  o.e.m.c.i.embedder.EclipseLogger - skip non existing resourceDirectory E:\study\Java\Datastructure\agx-Datastructure\src\main\resources
2017-04-12 14:29:22,796 [Worker-33] INFO  o.e.m.c.i.embedder.EclipseLogger - Using 'UTF-8' encoding to copy filtered resources.
2017-04-12 14:29:22,796 [Worker-33] INFO  o.e.m.c.i.embedder.EclipseLogger - skip non existing resourceDirectory E:\study\Java\Datastructure\agx-Datastructure\src\test\resources
2017-04-12 14:29:42,933 [Worker-37] INFO  o.e.m.c.i.embedder.EclipseLogger - Using 'UTF-8' encoding to copy filtered resources.
2017-04-12 14:29:42,933 [Worker-37] INFO  o.e.m.c.i.embedder.EclipseLogger - skip non existing resourceDirectory E:\study\Java\Datastructure\agx-Datastructure\src\main\resources
2017-04-12 14:29:42,933 [Worker-37] INFO  o.e.m.c.i.embedder.EclipseLogger - Using 'UTF-8' encoding to copy filtered resources.
2017-04-12 14:29:42,933 [Worker-37] INFO  o.e.m.c.i.embedder.EclipseLogger - skip non existing resourceDirectory E:\study\Java\Datastructure\agx-Datastructure\src\test\resources
2017-04-12 14:29:52,697 [Worker-38] INFO  o.e.m.c.i.embedder.EclipseLogger - Using 'UTF-8' encoding to copy filtered resources.
2017-04-12 14:29:52,697 [Worker-38] INFO  o.e.m.c.i.embedder.EclipseLogger - skip non existing resourceDirectory E:\study\Java\Datastructure\agx-Datastructure\src\main\resources
2017-04-12 14:29:52,697 [Worker-38] INFO  o.e.m.c.i.embedder.EclipseLogger - Using 'UTF-8' encoding to copy filtered resources.
2017-04-12 14:29:52,697 [Worker-38] INFO  o.e.m.c.i.embedder.EclipseLogger - skip non existing resourceDirectory E:\study\Java\Datastructure\agx-Datastructure\src\test\resources
2017-04-12 14:30:39,028 [Worker-33] INFO  o.e.m.c.i.embedder.EclipseLogger - Using 'UTF-8' encoding to copy filtered resources.
2017-04-12 14:30:39,029 [Worker-33] INFO  o.e.m.c.i.embedder.EclipseLogger - skip non existing resourceDirectory E:\study\Java\Datastructure\agx-Datastructure\src\main\resources
2017-04-12 14:30:39,029 [Worker-33] INFO  o.e.m.c.i.embedder.EclipseLogger - Using 'UTF-8' encoding to copy filtered resources.
2017-04-12 14:30:39,029 [Worker-33] INFO  o.e.m.c.i.embedder.EclipseLogger - skip non existing resourceDirectory E:\study\Java\Datastructure\agx-Datastructure\src\test\resources
2017-04-12 14:30:50,416 [Worker-33] INFO  o.e.m.c.i.embedder.EclipseLogger - Using 'UTF-8' encoding to copy filtered resources.
2017-04-12 14:30:50,417 [Worker-33] INFO  o.e.m.c.i.embedder.EclipseLogger - skip non existing resourceDirectory E:\study\Java\Datastructure\agx-Datastructure\src\main\resources
2017-04-12 14:30:50,418 [Worker-33] INFO  o.e.m.c.i.embedder.EclipseLogger - Using 'UTF-8' encoding to copy filtered resources.
2017-04-12 14:30:50,418 [Worker-33] INFO  o.e.m.c.i.embedder.EclipseLogger - skip non existing resourceDirectory E:\study\Java\Datastructure\agx-Datastructure\src\test\resources
2017-04-12 14:31:14,904 [Worker-33] INFO  o.e.m.c.i.embedder.EclipseLogger - Using 'UTF-8' encoding to copy filtered resources.
2017-04-12 14:31:14,905 [Worker-33] INFO  o.e.m.c.i.embedder.EclipseLogger - skip non existing resourceDirectory E:\study\Java\Datastructure\agx-Datastructure\src\main\resources
2017-04-12 14:31:14,905 [Worker-33] INFO  o.e.m.c.i.embedder.EclipseLogger - Using 'UTF-8' encoding to copy filtered resources.
2017-04-12 14:31:14,905 [Worker-33] INFO  o.e.m.c.i.embedder.EclipseLogger - skip non existing resourceDirectory E:\study\Java\Datastructure\agx-Datastructure\src\test\resources
2017-04-12 14:32:24,005 [Worker-36] INFO  o.e.m.c.i.embedder.EclipseLogger - Using 'UTF-8' encoding to copy filtered resources.
2017-04-12 14:32:24,005 [Worker-36] INFO  o.e.m.c.i.embedder.EclipseLogger - skip non existing resourceDirectory E:\study\Java\Datastructure\agx-Datastructure\src\main\resources
2017-04-12 14:32:24,006 [Worker-36] INFO  o.e.m.c.i.embedder.EclipseLogger - Using 'UTF-8' encoding to copy filtered resources.
2017-04-12 14:32:24,006 [Worker-36] INFO  o.e.m.c.i.embedder.EclipseLogger - skip non existing resourceDirectory E:\study\Java\Datastructure\agx-Datastructure\src\test\resources
2017-04-12 14:36:24,903 [Worker-42] INFO  o.e.m.c.i.embedder.EclipseLogger - Using 'UTF-8' encoding to copy filtered resources.
2017-04-12 14:36:24,903 [Worker-42] INFO  o.e.m.c.i.embedder.EclipseLogger - skip non existing resourceDirectory E:\study\Java\Datastructure\agx-Datastructure\src\main\resources
2017-04-12 14:36:24,904 [Worker-42] INFO  o.e.m.c.i.embedder.EclipseLogger - Using 'UTF-8' encoding to copy filtered resources.
2017-04-12 14:36:24,904 [Worker-42] INFO  o.e.m.c.i.embedder.EclipseLogger - skip non existing resourceDirectory E:\study\Java\Datastructure\agx-Datastructure\src\test\resources
2017-04-12 14:36:48,709 [Worker-41] INFO  o.e.m.c.i.embedder.EclipseLogger - Using 'UTF-8' encoding to copy filtered resources.
2017-04-12 14:36:48,709 [Worker-41] INFO  o.e.m.c.i.embedder.EclipseLogger - skip non existing resourceDirectory E:\study\Java\Datastructure\agx-Datastructure\src\main\resources
2017-04-12 14:36:48,710 [Worker-41] INFO  o.e.m.c.i.embedder.EclipseLogger - Using 'UTF-8' encoding to copy filtered resources.
2017-04-12 14:36:48,711 [Worker-41] INFO  o.e.m.c.i.embedder.EclipseLogger - skip non existing resourceDirectory E:\study\Java\Datastructure\agx-Datastructure\src\test\resources
2017-04-12 14:39:11,486 [Worker-39] INFO  o.e.m.c.i.embedder.EclipseLogger - Using 'UTF-8' encoding to copy filtered resources.
2017-04-12 14:39:11,486 [Worker-39] INFO  o.e.m.c.i.embedder.EclipseLogger - skip non existing resourceDirectory E:\study\Java\Datastructure\agx-Datastructure\src\main\resources
2017-04-12 14:39:11,487 [Worker-39] INFO  o.e.m.c.i.embedder.EclipseLogger - Using 'UTF-8' encoding to copy filtered resources.
2017-04-12 14:39:11,487 [Worker-39] INFO  o.e.m.c.i.embedder.EclipseLogger - skip non existing resourceDirectory E:\study\Java\Datastructure\agx-Datastructure\src\test\resources
2017-04-12 14:40:22,431 [Worker-42] INFO  o.e.m.c.i.embedder.EclipseLogger - Using 'UTF-8' encoding to copy filtered resources.
2017-04-12 14:40:22,431 [Worker-42] INFO  o.e.m.c.i.embedder.EclipseLogger - skip non existing resourceDirectory E:\study\Java\Datastructure\agx-Datastructure\src\main\resources
2017-04-12 14:40:22,432 [Worker-42] INFO  o.e.m.c.i.embedder.EclipseLogger - Using 'UTF-8' encoding to copy filtered resources.
2017-04-12 14:40:22,432 [Worker-42] INFO  o.e.m.c.i.embedder.EclipseLogger - skip non existing resourceDirectory E:\study\Java\Datastructure\agx-Datastructure\src\test\resources
2017-04-12 14:43:46,492 [Worker-41] INFO  o.e.m.c.i.embedder.EclipseLogger - Using 'UTF-8' encoding to copy filtered resources.
2017-04-12 14:43:46,492 [Worker-41] INFO  o.e.m.c.i.embedder.EclipseLogger - skip non existing resourceDirectory E:\study\Java\Datastructure\agx-Datastructure\src\main\resources
2017-04-12 14:43:46,493 [Worker-41] INFO  o.e.m.c.i.embedder.EclipseLogger - Using 'UTF-8' encoding to copy filtered resources.
2017-04-12 14:43:46,493 [Worker-41] INFO  o.e.m.c.i.embedder.EclipseLogger - skip non existing resourceDirectory E:\study\Java\Datastructure\agx-Datastructure\src\test\resources
2017-04-12 14:49:03,416 [Worker-39] INFO  o.e.m.c.i.embedder.EclipseLogger - Using 'UTF-8' encoding to copy filtered resources.
2017-04-12 14:49:03,417 [Worker-39] INFO  o.e.m.c.i.embedder.EclipseLogger - skip non existing resourceDirectory E:\study\Java\Datastructure\agx-Datastructure\src\main\resources
2017-04-12 14:49:03,417 [Worker-39] INFO  o.e.m.c.i.embedder.EclipseLogger - Using 'UTF-8' encoding to copy filtered resources.
2017-04-12 14:49:03,417 [Worker-39] INFO  o.e.m.c.i.embedder.EclipseLogger - skip non existing resourceDirectory E:\study\Java\Datastructure\agx-Datastructure\src\test\resources
2017-04-12 14:50:14,129 [Worker-49] INFO  o.e.m.c.i.embedder.EclipseLogger - Using 'UTF-8' encoding to copy filtered resources.
2017-04-12 14:50:14,129 [Worker-49] INFO  o.e.m.c.i.embedder.EclipseLogger - skip non existing resourceDirectory E:\study\Java\Datastructure\agx-Datastructure\src\main\resources
2017-04-12 14:50:14,130 [Worker-49] INFO  o.e.m.c.i.embedder.EclipseLogger - Using 'UTF-8' encoding to copy filtered resources.
2017-04-12 14:50:14,130 [Worker-49] INFO  o.e.m.c.i.embedder.EclipseLogger - skip non existing resourceDirectory E:\study\Java\Datastructure\agx-Datastructure\src\test\resources
2017-04-12 14:52:44,359 [Worker-46] INFO  o.e.m.c.i.embedder.EclipseLogger - Using 'UTF-8' encoding to copy filtered resources.
2017-04-12 14:52:44,359 [Worker-46] INFO  o.e.m.c.i.embedder.EclipseLogger - skip non existing resourceDirectory E:\study\Java\Datastructure\agx-Datastructure\src\main\resources
2017-04-12 14:52:44,361 [Worker-46] INFO  o.e.m.c.i.embedder.EclipseLogger - Using 'UTF-8' encoding to copy filtered resources.
2017-04-12 14:52:44,361 [Worker-46] INFO  o.e.m.c.i.embedder.EclipseLogger - skip non existing resourceDirectory E:\study\Java\Datastructure\agx-Datastructure\src\test\resources
2017-04-12 14:56:32,711 [Worker-36] INFO  o.e.m.c.i.embedder.EclipseLogger - Using 'UTF-8' encoding to copy filtered resources.
2017-04-12 14:56:32,711 [Worker-36] INFO  o.e.m.c.i.embedder.EclipseLogger - skip non existing resourceDirectory E:\study\Java\Datastructure\agx-Datastructure\src\main\resources
2017-04-12 14:56:32,712 [Worker-36] INFO  o.e.m.c.i.embedder.EclipseLogger - Using 'UTF-8' encoding to copy filtered resources.
2017-04-12 14:56:32,712 [Worker-36] INFO  o.e.m.c.i.embedder.EclipseLogger - skip non existing resourceDirectory E:\study\Java\Datastructure\agx-Datastructure\src\test\resources
2017-04-12 15:01:32,496 [Worker-41] INFO  o.e.m.c.i.embedder.EclipseLogger - Using 'UTF-8' encoding to copy filtered resources.
2017-04-12 15:01:32,496 [Worker-41] INFO  o.e.m.c.i.embedder.EclipseLogger - skip non existing resourceDirectory E:\study\Java\Datastructure\agx-Datastructure\src\main\resources
2017-04-12 15:01:32,497 [Worker-41] INFO  o.e.m.c.i.embedder.EclipseLogger - Using 'UTF-8' encoding to copy filtered resources.
2017-04-12 15:01:32,497 [Worker-41] INFO  o.e.m.c.i.embedder.EclipseLogger - skip non existing resourceDirectory E:\study\Java\Datastructure\agx-Datastructure\src\test\resources
2017-04-12 15:03:49,822 [Worker-55] INFO  o.e.m.c.i.embedder.EclipseLogger - Using 'UTF-8' encoding to copy filtered resources.
2017-04-12 15:03:49,822 [Worker-55] INFO  o.e.m.c.i.embedder.EclipseLogger - skip non existing resourceDirectory E:\study\Java\Datastructure\agx-Datastructure\src\main\resources
2017-04-12 15:03:49,823 [Worker-55] INFO  o.e.m.c.i.embedder.EclipseLogger - Using 'UTF-8' encoding to copy filtered resources.
2017-04-12 15:03:49,823 [Worker-55] INFO  o.e.m.c.i.embedder.EclipseLogger - skip non existing resourceDirectory E:\study\Java\Datastructure\agx-Datastructure\src\test\resources
2017-04-12 15:04:46,537 [Worker-25] INFO  o.e.m.c.i.embedder.EclipseLogger - Using 'UTF-8' encoding to copy filtered resources.
2017-04-12 15:04:46,538 [Worker-25] INFO  o.e.m.c.i.embedder.EclipseLogger - skip non existing resourceDirectory E:\study\Java\Datastructure\agx-Datastructure\src\main\resources
2017-04-12 15:04:46,538 [Worker-25] INFO  o.e.m.c.i.embedder.EclipseLogger - Using 'UTF-8' encoding to copy filtered resources.
2017-04-12 15:04:46,538 [Worker-25] INFO  o.e.m.c.i.embedder.EclipseLogger - skip non existing resourceDirectory E:\study\Java\Datastructure\agx-Datastructure\src\test\resources
